#################################################
workspace
├── .github
│   └── workflows
│       └── main.yml
├── .git
│   ├── shallow
│   ├── objects
│   │   ├── info
│   │   └── pack
│   │       ├── pack-80fe4bee923aa7919e5ca75370b9d53e7369ffa4.pack
│   │       ├── pack-80fe4bee923aa7919e5ca75370b9d53e7369ffa4.rev
│   │       └── pack-80fe4bee923aa7919e5ca75370b9d53e7369ffa4.idx
│   ├── hooks
│   │   ├── pre-receive.sample
│   │   ├── fsmonitor-watchman.sample
│   │   ├── update.sample
│   │   ├── pre-merge-commit.sample
│   │   ├── post-update.sample
│   │   ├── push-to-checkout.sample
│   │   ├── pre-applypatch.sample
│   │   ├── pre-rebase.sample
│   │   ├── applypatch-msg.sample
│   │   ├── commit-msg.sample
│   │   ├── prepare-commit-msg.sample
│   │   ├── pre-commit.sample
│   │   ├── pre-push.sample
│   │   └── sendemail-validate.sample
│   ├── FETCH_HEAD
│   ├── info
│   │   └── exclude
│   ├── index
│   ├── branches
│   ├── logs
│   │   ├── HEAD
│   │   └── refs
│   │       ├── heads
│   │       │   └── main
│   │       └── remotes
│   │           └── origin
│   │               └── main
│   ├── HEAD
│   ├── config
│   ├── refs
│   │   ├── tags
│   │   ├── heads
│   │   │   └── main
│   │   └── remotes
│   │       └── origin
│   │           └── main
│   └── description
├── README_setup.txt
├── version.txt
├── tree.out
├── showdown.min.js
├── dimmerattenuation.egg-info
│   ├── top_level.txt
│   ├── SOURCES.txt
│   ├── dependency_links.txt
│   ├── requires.txt
│   └── PKG-INFO
├── README.md
├── tutorial
│   ├── .ipynb_checkpoints
│   │   ├── Untitled-checkpoint.ipynb
│   │   ├── Attenuation-checkpoint.ipynb
│   │   └── Untitled1-checkpoint.ipynb
│   ├── .jupyter_ystore.db
│   └── Attenuation.ipynb
├── setup.py
├── index.html
├── dist
│   └── dimmerattenuation-0.0.1.tar.gz
├── build
│   ├── lib.linux-x86_64-cpython-310
│   │   └── dimmerattenuation
│   │       ├── Reddening.py
│   │       ├── flib.cpython-310-x86_64-linux-gnu.so
│   │       └── __init__.py
│   ├── temp.linux-x86_64-cpython-310
│   │   ├── dimmerattenuation
│   │   │   └── moddatatype.mod
│   │   ├── ccompiler_opt_cache_ext.py
│   │   ├── build
│   │   │   └── src.linux-x86_64-3.10
│   │   │       ├── dimmerattenuation
│   │   │       │   ├── flib-f2pywrappers2.o
│   │   │       │   ├── flibmodule.o
│   │   │       │   ├── flib-f2pywrappers.o
│   │   │       │   └── flibmodule.o.d
│   │   │       └── build
│   │   │           └── src.linux-x86_64-3.10
│   │   │               └── dimmerattenuation
│   │   │                   ├── fortranobject.o
│   │   │                   └── fortranobject.o.d
│   │   ├── __pycache__
│   │   │   └── ccompiler_opt_cache_ext.cpython-310.pyc
│   │   └── src
│   │       └── fortran
│   │           └── Reddening
│   │               ├── CL_R_LawOPT.o
│   │               ├── O_Donnell94.o
│   │               ├── CAF__LawOPT.o
│   │               ├── J13__LawOPT.o
│   │               ├── S79__LawOPT.o
│   │               ├── Leitherer02.o
│   │               ├── CALR_LawOPT.o
│   │               ├── SPLINE1DArr.o
│   │               ├── DataTypes.o
│   │               ├── CCMR_LawOPT.o
│   │               └── H83gaLawOPT.o
│   └── src.linux-x86_64-3.10
│       ├── numpy
│       │   └── distutils
│       │       └── include
│       │           └── npy_cpu_dispatch_config.h
│       ├── dimmerattenuation
│       │   ├── flibmodule.c
│       │   ├── flib-f2pywrappers.f
│       │   └── flib-f2pywrappers2.f90
│       └── build
│           └── src.linux-x86_64-3.10
│               └── dimmerattenuation
│                   ├── fortranobject.h
│                   └── fortranobject.c
├── src
│   ├── fortran
│   │   └── Reddening
│   │       ├── Reddening_Laws.png
│   │       ├── CALR_LawOPT.cpython-39-darwin.so
│   │       ├── Leitherer02.cpython-39-darwin.so
│   │       ├── README.txt
│   │       ├── Reddening.py
│   │       ├── CAF__LawOPT.cpython-39-darwin.so
│   │       ├── SPLINE1DArr.compile
│   │       ├── S79__LawOPT.cpython-39-darwin.so
│   │       ├── SPLINE1DArr.f90
│   │       ├── H83gaLawOPT.f90
│   │       ├── CCMR_LawOPT.cpython-39-darwin.so
│   │       ├── Reddening_M1processor.compile
│   │       ├── O_Donnell94.cpython-39-darwin.so
│   │       ├── SPLINE1DArr.cpython-39-darwin.so
│   │       ├── README.md
│   │       ├── S79__LawOPT.f90
│   │       ├── Leitherer02.f90
│   │       ├── CALR_LawOPT.f90
│   │       ├── CL_R_LawOPT.cpython-39-darwin.so
│   │       ├── CAF__LawOPT.f90
│   │       ├── Reddening_M1processor.compile~
│   │       ├── CCMR_LawOPT.f90
│   │       ├── H83gaLawOPT.cpython-39-darwin.so
│   │       ├── CL_R_LawOPT.f90
│   │       ├── __pycache__
│   │       │   └── Reddening.cpython-39.pyc
│   │       ├── O_Donnell94.f90
│   │       ├── SPLINE1DArr_M1processor.compile
│   │       ├── Reddening.compile
│   │       ├── J13__LawOPT.f90
│   │       ├── J13__LawOPT.cpython-39-darwin.so
│   │       └── DataTypes.f90
│   └── python
│       ├── Reddening.py
│       └── __init__.py
└── figures
    ├── Reddening_Laws.png
    └── DimmerAttenuation.png

52 directories (0 symlink), 112 files (0 symlink)
#################################################
Generated: treehue_colored @2024 - © Jean Gomes -
#################################################
